0 info it worked if it ends with ok
1 verbose cli [ '/usr/local/bin/node', '/usr/local/bin/npm', 'install' ]
2 info using npm@1.3.8
3 info using node@v0.10.18
4 verbose readDependencies using package.json deps
5 verbose install where, deps [ '/home/js/Documents/chinese_artist/cn_propaganda',
5 verbose install   [ 'twit', 'request', 'async', 'fs' ] ]
6 info preinstall application-name@0.0.1
7 verbose readDependencies using package.json deps
8 verbose already installed skipping twit@* /home/js/Documents/chinese_artist/cn_propaganda
9 verbose already installed skipping request@* /home/js/Documents/chinese_artist/cn_propaganda
10 verbose already installed skipping async@* /home/js/Documents/chinese_artist/cn_propaganda
11 verbose cache add [ 'fs@*', null ]
12 verbose cache add name=undefined spec="fs@*" args=["fs@*",null]
13 verbose parsed url { protocol: null,
13 verbose parsed url   slashes: null,
13 verbose parsed url   auth: null,
13 verbose parsed url   host: null,
13 verbose parsed url   port: null,
13 verbose parsed url   hostname: null,
13 verbose parsed url   hash: null,
13 verbose parsed url   search: null,
13 verbose parsed url   query: null,
13 verbose parsed url   pathname: 'fs@*',
13 verbose parsed url   path: 'fs@*',
13 verbose parsed url   href: 'fs@*' }
14 verbose cache add name="fs" spec="*" args=["fs","*"]
15 verbose parsed url { protocol: null,
15 verbose parsed url   slashes: null,
15 verbose parsed url   auth: null,
15 verbose parsed url   host: null,
15 verbose parsed url   port: null,
15 verbose parsed url   hostname: null,
15 verbose parsed url   hash: null,
15 verbose parsed url   search: null,
15 verbose parsed url   query: null,
15 verbose parsed url   pathname: '*',
15 verbose parsed url   path: '*',
15 verbose parsed url   href: '*' }
16 verbose addNamed [ 'fs', '*' ]
17 verbose addNamed [ null, '*' ]
18 silly lockFile d8bf140d-fs fs@*
19 verbose lock fs@* /home/js/.npm/d8bf140d-fs.lock
20 silly addNameRange { name: 'fs', range: '*', hasData: false }
21 verbose url raw fs
22 verbose url resolving [ 'https://registry.npmjs.org/', './fs' ]
23 verbose url resolved https://registry.npmjs.org/fs
24 info trying registry request attempt 1 at 02:55:38
25 http GET https://registry.npmjs.org/fs
26 http 404 https://registry.npmjs.org/fs
27 silly registry.get cb [ 404,
27 silly registry.get   { date: 'Wed, 09 Jul 2014 06:55:38 GMT',
27 silly registry.get     server: 'CouchDB/1.5.0 (Erlang OTP/R14B04)',
27 silly registry.get     etag: '"1OSDV99VBWRHBCJ8QK1200EE7"',
27 silly registry.get     'content-type': 'application/json',
27 silly registry.get     'cache-control': 'max-age=0',
27 silly registry.get     'content-length': '397',
27 silly registry.get     'accept-ranges': 'bytes',
27 silly registry.get     via: '1.1 varnish',
27 silly registry.get     age: '0',
27 silly registry.get     'x-served-by': 'cache-jfk1021-JFK',
27 silly registry.get     'x-cache': 'MISS',
27 silly registry.get     'x-cache-hits': '0',
27 silly registry.get     'x-timer': 'S1404888938.753971,VS0,VE90',
27 silly registry.get     vary: 'Accept',
27 silly registry.get     'keep-alive': 'timeout=10, max=50',
27 silly registry.get     connection: 'Keep-Alive' } ]
28 silly addNameRange number 2 { name: 'fs', range: '*', hasData: true }
29 silly addNameRange versions [ 'fs', [] ]
30 error TypeError: Cannot read property 'latest' of undefined
30 error     at next (/usr/local/lib/node_modules/npm/lib/cache.js:687:35)
30 error     at /usr/local/lib/node_modules/npm/lib/cache.js:675:5
30 error     at saved (/usr/local/lib/node_modules/npm/node_modules/npm-registry-client/lib/get.js:142:7)
30 error     at /usr/local/lib/node_modules/npm/node_modules/graceful-fs/polyfills.js:133:7
30 error     at Object.oncomplete (fs.js:107:15)
31 error If you need help, you may report this log at:
31 error     <http://github.com/isaacs/npm/issues>
31 error or email it to:
31 error     <npm-@googlegroups.com>
32 error System Linux 3.8.0-30-generic
33 error command "/usr/local/bin/node" "/usr/local/bin/npm" "install"
34 error cwd /home/js/Documents/chinese_artist/cn_propaganda
35 error node -v v0.10.18
36 error npm -v 1.3.8
37 error type non_object_property_load
38 verbose exit [ 1, true ]
